<?xml version="1.0" encoding="UTF-8"?>
<testng-results ignored="0" total="2" passed="2" failed="0" skipped="0">
  <reporter-output>
  </reporter-output>
  <suite started-at="2024-12-11T13:02:13 IST" name="Suite" finished-at="2024-12-11T13:02:24 IST" duration-ms="11216">
    <groups>
    </groups>
    <test started-at="2024-12-11T13:02:13 IST" name="Test" finished-at="2024-12-11T13:02:24 IST" duration-ms="11216">
      <class name="pac1.OpenCartTest">
        <test-method is-config="true" signature="beforeClass()[pri:0, instance:pac1.OpenCartTest@7fbdb894]" started-at="2024-12-11T13:02:19 IST" name="beforeClass" finished-at="2024-12-11T13:02:23 IST" duration-ms="4746" status="PASS">
          <reporter-output>
          </reporter-output>
        </test-method> <!-- beforeClass -->
        <test-method signature="fTest()[pri:0, instance:pac1.OpenCartTest@7fbdb894]" started-at="2024-12-11T13:02:23 IST" name="fTest" finished-at="2024-12-11T13:02:23 IST" duration-ms="25" status="PASS">
          <reporter-output>
          </reporter-output>
        </test-method> <!-- fTest -->
        <test-method is-config="true" signature="afterClass()[pri:0, instance:pac1.OpenCartTest@7fbdb894]" started-at="2024-12-11T13:02:23 IST" name="afterClass" finished-at="2024-12-11T13:02:24 IST" duration-ms="290" status="PASS">
          <reporter-output>
          </reporter-output>
        </test-method> <!-- afterClass -->
      </class> <!-- pac1.OpenCartTest -->
      <class name="pac1.PracticeTest">
        <test-method is-config="true" signature="beforeClass()[pri:0, instance:pac1.PracticeTest@4e423aa2]" started-at="2024-12-11T13:02:13 IST" name="beforeClass" finished-at="2024-12-11T13:02:18 IST" duration-ms="5501" status="PASS">
          <reporter-output>
          </reporter-output>
        </test-method> <!-- beforeClass -->
        <test-method signature="fTest()[pri:0, instance:pac1.PracticeTest@4e423aa2]" started-at="2024-12-11T13:02:18 IST" name="fTest" finished-at="2024-12-11T13:02:18 IST" duration-ms="132" status="PASS">
          <reporter-output>
          </reporter-output>
        </test-method> <!-- fTest -->
        <test-method is-config="true" signature="afterClass()[pri:0, instance:pac1.PracticeTest@4e423aa2]" started-at="2024-12-11T13:02:18 IST" name="afterClass" finished-at="2024-12-11T13:02:19 IST" duration-ms="243" status="PASS">
          <reporter-output>
          </reporter-output>
        </test-method> <!-- afterClass -->
      </class> <!-- pac1.PracticeTest -->
    </test> <!-- Test -->
  </suite> <!-- Suite -->
</testng-results>
